2025-07-01 05:15:09,863 - INFO - TensorFlow version: 2.13.1
2025-07-01 05:15:10,034 - INFO - GPU не обнаружены, будет использоваться CPU
2025-07-01 05:15:10,090 - INFO - ==================================================
2025-07-01 05:15:10,091 - INFO - ЗАПУСК ПРОГРАММЫ
2025-07-01 05:15:10,091 - INFO - ==================================================
2025-07-01 05:15:10,092 - INFO - Содержимое папки ./data:
2025-07-01 05:15:10,093 - INFO -  - data_60_50_50.npz
2025-07-01 05:15:10,094 - INFO -  - target_100_50_50.npz
2025-07-01 05:15:10,095 - INFO -  - data_40_50_50.npz
2025-07-01 05:15:10,096 - INFO -  - target_40_50_50.npz
2025-07-01 05:15:10,097 - INFO -  - data_100_50_50.npz
2025-07-01 05:15:10,097 - INFO -  - target_60_50_50.npz
2025-07-01 05:15:10,098 - INFO - ==================================================
2025-07-01 05:15:10,099 - INFO - ЗАГРУЗКА ДАННЫХ
2025-07-01 05:15:10,099 - INFO - ==================================================
2025-07-01 05:15:10,100 - INFO - Сканирование папки: ./data
2025-07-01 05:15:10,101 - INFO - Найдено файлов: 6
2025-07-01 05:15:10,102 - INFO - NPZ файлов: 6
2025-07-01 05:15:10,103 - INFO - Файлов данных: 3, файлов меток: 3
2025-07-01 05:15:10,103 - INFO - Найдено пар файлов: 3
2025-07-01 05:15:10,104 - INFO - 
==================================================
2025-07-01 05:15:10,105 - INFO - Обработка пары 1/3: data_100_50_50.npz и target_100_50_50.npz
2025-07-01 05:15:10,106 - INFO - ==================================================
2025-07-01 05:15:10,106 - INFO - Загрузка файла: data_100_50_50.npz
2025-07-01 05:15:10,109 - INFO - Файл содержит ключи: ['arr_0']
2025-07-01 05:15:12,851 - INFO - Массив 'arr_0': форма=(767, 100, 50, 50, 3), тип=uint8
2025-07-01 05:15:12,852 - WARNING - Тип массива uint8 не соответствует ожидаемому <class 'numpy.float32'>
2025-07-01 05:15:13,306 - INFO - Форма sequences до обработки: (767, 100, 50, 50, 3)
2025-07-01 05:15:13,307 - INFO - Загрузка файла: target_100_50_50.npz
2025-07-01 05:15:13,309 - INFO - Файл содержит ключи: ['arr_0']
2025-07-01 05:15:13,310 - INFO - Массив 'arr_0': форма=(767,), тип=int64
2025-07-01 05:15:13,311 - WARNING - Тип массива int64 не соответствует ожидаемому <class 'numpy.float32'>
2025-07-01 05:15:13,312 - INFO - Форма labels: (767,)
2025-07-01 05:15:13,313 - INFO - Примеры данных (2 samples):
2025-07-01 05:15:13,314 - INFO - Sample 0:
2025-07-01 05:15:13,314 - INFO -   Форма: (100, 50, 50, 3)
2025-07-01 05:15:13,316 - INFO -   Данные (первые 5 значений): [123. 134. 124. 120. 132.]
2025-07-01 05:15:13,317 - INFO -   Метка: 0.0
2025-07-01 05:15:13,318 - INFO - Sample 1:
2025-07-01 05:15:13,319 - INFO -   Форма: (100, 50, 50, 3)
2025-07-01 05:15:13,320 - INFO -   Данные (первые 5 значений): [123. 134. 124. 117. 131.]
2025-07-01 05:15:13,321 - INFO -   Метка: 0.0
2025-07-01 05:15:13,322 - ERROR - Неподдерживаемая размерность данных: 5
2025-07-01 05:15:13,323 - INFO - 
==================================================
2025-07-01 05:15:13,324 - INFO - Обработка пары 2/3: data_40_50_50.npz и target_40_50_50.npz
2025-07-01 05:15:13,325 - INFO - ==================================================
2025-07-01 05:15:13,326 - INFO - Загрузка файла: data_40_50_50.npz
2025-07-01 05:15:13,328 - INFO - Файл содержит ключи: ['arr_0']
2025-07-01 05:15:16,170 - INFO - Массив 'arr_0': форма=(1946, 40, 50, 50, 3), тип=uint8
2025-07-01 05:15:16,171 - WARNING - Тип массива uint8 не соответствует ожидаемому <class 'numpy.float32'>
2025-07-01 05:15:17,003 - INFO - Форма sequences до обработки: (1946, 40, 50, 50, 3)
2025-07-01 05:15:17,004 - INFO - Загрузка файла: target_40_50_50.npz
2025-07-01 05:15:17,006 - INFO - Файл содержит ключи: ['arr_0']
2025-07-01 05:15:17,007 - INFO - Массив 'arr_0': форма=(1946,), тип=int64
2025-07-01 05:15:17,008 - WARNING - Тип массива int64 не соответствует ожидаемому <class 'numpy.float32'>
2025-07-01 05:15:17,009 - INFO - Форма labels: (1946,)
2025-07-01 05:15:17,010 - INFO - Примеры данных (2 samples):
2025-07-01 05:15:17,012 - INFO - Sample 0:
2025-07-01 05:15:17,012 - INFO -   Форма: (40, 50, 50, 3)
2025-07-01 05:15:17,014 - INFO -   Данные (первые 5 значений): [123. 134. 124. 120. 132.]
2025-07-01 05:15:17,015 - INFO -   Метка: 0.0
2025-07-01 05:15:17,016 - INFO - Sample 1:
2025-07-01 05:15:17,017 - INFO -   Форма: (40, 50, 50, 3)
2025-07-01 05:15:17,019 - INFO -   Данные (первые 5 значений): [123. 135. 123. 121. 132.]
2025-07-01 05:15:17,019 - INFO -   Метка: 0.0
2025-07-01 05:15:17,020 - ERROR - Неподдерживаемая размерность данных: 5
2025-07-01 05:15:17,021 - INFO - 
==================================================
2025-07-01 05:15:17,022 - INFO - Обработка пары 3/3: data_60_50_50.npz и target_60_50_50.npz
2025-07-01 05:15:17,023 - INFO - ==================================================
2025-07-01 05:15:17,024 - INFO - Загрузка файла: data_60_50_50.npz
2025-07-01 05:15:17,026 - INFO - Файл содержит ключи: ['arr_0']
2025-07-01 05:15:19,906 - INFO - Массив 'arr_0': форма=(1288, 60, 50, 50, 3), тип=uint8
2025-07-01 05:15:19,907 - WARNING - Тип массива uint8 не соответствует ожидаемому <class 'numpy.float32'>
2025-07-01 05:15:21,114 - INFO - Форма sequences до обработки: (1288, 60, 50, 50, 3)
2025-07-01 05:15:21,115 - INFO - Загрузка файла: target_60_50_50.npz
2025-07-01 05:15:21,117 - INFO - Файл содержит ключи: ['arr_0']
2025-07-01 05:15:21,119 - INFO - Массив 'arr_0': форма=(1288,), тип=int64
2025-07-01 05:15:21,120 - WARNING - Тип массива int64 не соответствует ожидаемому <class 'numpy.float32'>
2025-07-01 05:15:21,122 - INFO - Форма labels: (1288,)
2025-07-01 05:15:21,124 - INFO - Примеры данных (2 samples):
2025-07-01 05:15:21,124 - INFO - Sample 0:
2025-07-01 05:15:21,126 - INFO -   Форма: (60, 50, 50, 3)
2025-07-01 05:15:21,128 - INFO -   Данные (первые 5 значений): [123. 134. 124. 120. 132.]
2025-07-01 05:15:21,128 - INFO -   Метка: 0.0
2025-07-01 05:15:21,129 - INFO - Sample 1:
2025-07-01 05:15:21,130 - INFO -   Форма: (60, 50, 50, 3)
2025-07-01 05:15:21,131 - INFO -   Данные (первые 5 значений): [121. 135. 124. 120. 131.]
2025-07-01 05:15:21,133 - INFO -   Метка: 0.0
2025-07-01 05:15:21,134 - ERROR - Неподдерживаемая размерность данных: 5
2025-07-01 05:15:21,135 - ERROR - Критическая ошибка загрузки данных
Traceback (most recent call last):
  File "/tmp/ipykernel_5332/3863281281.py", line 303, in main
    X, y = load_data(DATA_PATH)
  File "/tmp/ipykernel_5332/3863281281.py", line 228, in load_data
    raise RuntimeError("Не удалось загрузить ни одного файла данных")
RuntimeError: Не удалось загрузить ни одного файла данных
2025-07-01 05:15:21,145 - INFO - ==================================================
2025-07-01 05:15:21,146 - INFO - ПРОГРАММА ЗАВЕРШЕНА
2025-07-01 05:15:21,146 - INFO - ==================================================
2025-07-01 06:07:11,083 - INFO - TensorFlow version: 2.13.1
2025-07-01 06:07:11,084 - INFO - GPU не обнаружены, будет использоваться CPU
2025-07-01 06:07:11,086 - INFO - ==================================================
2025-07-01 06:07:11,087 - INFO - ЗАПУСК ПРОГРАММЫ ДЛЯ ВИДЕО-ДАННЫХ
2025-07-01 06:07:11,088 - INFO - ==================================================
2025-07-01 06:07:11,088 - INFO - ==================================================
2025-07-01 06:07:11,091 - INFO - ЗАГРУЗКА ВИДЕО-ДАННЫХ
2025-07-01 06:07:11,092 - INFO - ==================================================
2025-07-01 06:07:11,093 - INFO - Сканирование папки: ./data
2025-07-01 06:07:11,093 - INFO - Найдено файлов: 6
2025-07-01 06:07:11,094 - INFO - NPZ файлов: 6
2025-07-01 06:07:11,095 - INFO - Файлов данных: 3, файлов меток: 3
2025-07-01 06:07:11,096 - INFO - Найдено пар файлов: 3
2025-07-01 06:07:11,097 - INFO - 
==================================================
2025-07-01 06:07:11,097 - INFO - Обработка пары 1/3: data_100_50_50.npz и target_100_50_50.npz
2025-07-01 06:07:13,955 - INFO - Загружен массив 'arr_0': форма=(767, 100, 50, 50, 3), тип=uint8
2025-07-01 06:07:13,956 - INFO - Исходная форма видео: (767, 100, 50, 50, 3)
2025-07-01 06:07:13,957 - INFO - Обрезано до 40 кадров
2025-07-01 06:07:14,359 - INFO - Форма после обработки: (767, 40, 50, 50, 3)
2025-07-01 06:07:14,361 - INFO - Загружен массив 'arr_0': форма=(767,), тип=int64
2025-07-01 06:07:14,362 - INFO - Успешно обработано: data_100_50_50.npz -> 767 samples
2025-07-01 06:07:14,362 - INFO - 
==================================================
2025-07-01 06:07:14,363 - INFO - Обработка пары 2/3: data_40_50_50.npz и target_40_50_50.npz
2025-07-01 06:07:17,475 - INFO - Загружен массив 'arr_0': форма=(1946, 40, 50, 50, 3), тип=uint8
2025-07-01 06:07:17,475 - INFO - Исходная форма видео: (1946, 40, 50, 50, 3)
2025-07-01 06:07:18,468 - INFO - Форма после обработки: (1946, 40, 50, 50, 3)
2025-07-01 06:07:18,470 - INFO - Загружен массив 'arr_0': форма=(1946,), тип=int64
2025-07-01 06:07:18,471 - INFO - Успешно обработано: data_40_50_50.npz -> 1946 samples
2025-07-01 06:07:18,471 - INFO - 
==================================================
2025-07-01 06:07:18,472 - INFO - Обработка пары 3/3: data_60_50_50.npz и target_60_50_50.npz
2025-07-01 06:07:21,839 - INFO - Загружен массив 'arr_0': форма=(1288, 60, 50, 50, 3), тип=uint8
2025-07-01 06:07:21,840 - INFO - Исходная форма видео: (1288, 60, 50, 50, 3)
2025-07-01 06:07:21,841 - INFO - Обрезано до 40 кадров
2025-07-01 06:07:25,810 - INFO - Форма после обработки: (1288, 40, 50, 50, 3)
2025-07-01 06:07:25,816 - INFO - Загружен массив 'arr_0': форма=(1288,), тип=int64
2025-07-01 06:07:25,817 - INFO - Успешно обработано: data_60_50_50.npz -> 1288 samples
